Analysis & Synthesis report for ContorladorusFPGArusCoretrecus
Wed Feb 11 18:49:56 2026
Quartus II 32-bit Version 13.0.1 Build 232 06/12/2013 Service Pack 1 SJ Web Edition


---------------------
; Table of Contents ;
---------------------
  1. Legal Notice
  2. Analysis & Synthesis Summary
  3. Analysis & Synthesis Settings
  4. Parallel Compilation
  5. Analysis & Synthesis Source Files Read
  6. Analysis & Synthesis Resource Usage Summary
  7. Analysis & Synthesis Resource Utilization by Entity
  8. Registers Removed During Synthesis
  9. General Register Statistics
 10. Multiplexer Restructuring Statistics (Restructuring Performed)
 11. Parameter Settings for User Entity Instance: semaforo_cruzamento_completo:semaforo
 12. Port Connectivity Checks: "semaforo_cruzamento_completo:semaforo"
 13. Port Connectivity Checks: "clk_filter:clock_filter"
 14. Elapsed Time Per Partition
 15. Analysis & Synthesis Messages



----------------
; Legal Notice ;
----------------
Copyright (C) 1991-2013 Altera Corporation
Your use of Altera Corporation's design tools, logic functions 
and other software and tools, and its AMPP partner logic 
functions, and any output files from any of the foregoing 
(including device programming or simulation files), and any 
associated documentation or information are expressly subject 
to the terms and conditions of the Altera Program License 
Subscription Agreement, Altera MegaCore Function License 
Agreement, or other applicable license agreement, including, 
without limitation, that your use is for the sole purpose of 
programming logic devices manufactured by Altera and sold by 
Altera or its authorized distributors.  Please refer to the 
applicable agreement for further details.



+--------------------------------------------------------------------------------------+
; Analysis & Synthesis Summary                                                         ;
+------------------------------------+-------------------------------------------------+
; Analysis & Synthesis Status        ; Successful - Wed Feb 11 18:49:56 2026           ;
; Quartus II 32-bit Version          ; 13.0.1 Build 232 06/12/2013 SP 1 SJ Web Edition ;
; Revision Name                      ; ContorladorusFPGArusCoretrecus                  ;
; Top-level Entity Name              ; top                                             ;
; Family                             ; Cyclone II                                      ;
; Total logic elements               ; 42                                              ;
;     Total combinational functions  ; 42                                              ;
;     Dedicated logic registers      ; 31                                              ;
; Total registers                    ; 31                                              ;
; Total pins                         ; 33                                              ;
; Total virtual pins                 ; 0                                               ;
; Total memory bits                  ; 0                                               ;
; Embedded Multiplier 9-bit elements ; 0                                               ;
; Total PLLs                         ; 0                                               ;
+------------------------------------+-------------------------------------------------+


+----------------------------------------------------------------------------------------------------------------------------------+
; Analysis & Synthesis Settings                                                                                                    ;
+----------------------------------------------------------------------------+--------------------+--------------------------------+
; Option                                                                     ; Setting            ; Default Value                  ;
+----------------------------------------------------------------------------+--------------------+--------------------------------+
; Device                                                                     ; EP2C35F672C6       ;                                ;
; Top-level entity name                                                      ; top                ; ContorladorusFPGArusCoretrecus ;
; Family name                                                                ; Cyclone II         ; Cyclone IV GX                  ;
; Use smart compilation                                                      ; Off                ; Off                            ;
; Enable parallel Assembler and TimeQuest Timing Analyzer during compilation ; On                 ; On                             ;
; Enable compact report table                                                ; Off                ; Off                            ;
; Restructure Multiplexers                                                   ; Auto               ; Auto                           ;
; Create Debugging Nodes for IP Cores                                        ; Off                ; Off                            ;
; Preserve fewer node names                                                  ; On                 ; On                             ;
; Disable OpenCore Plus hardware evaluation                                  ; Off                ; Off                            ;
; Verilog Version                                                            ; Verilog_2001       ; Verilog_2001                   ;
; VHDL Version                                                               ; VHDL_1993          ; VHDL_1993                      ;
; State Machine Processing                                                   ; Auto               ; Auto                           ;
; Safe State Machine                                                         ; Off                ; Off                            ;
; Extract Verilog State Machines                                             ; On                 ; On                             ;
; Extract VHDL State Machines                                                ; On                 ; On                             ;
; Ignore Verilog initial constructs                                          ; Off                ; Off                            ;
; Iteration limit for constant Verilog loops                                 ; 5000               ; 5000                           ;
; Iteration limit for non-constant Verilog loops                             ; 250                ; 250                            ;
; Add Pass-Through Logic to Inferred RAMs                                    ; On                 ; On                             ;
; Infer RAMs from Raw Logic                                                  ; On                 ; On                             ;
; Parallel Synthesis                                                         ; On                 ; On                             ;
; DSP Block Balancing                                                        ; Auto               ; Auto                           ;
; NOT Gate Push-Back                                                         ; On                 ; On                             ;
; Power-Up Don't Care                                                        ; On                 ; On                             ;
; Remove Redundant Logic Cells                                               ; Off                ; Off                            ;
; Remove Duplicate Registers                                                 ; On                 ; On                             ;
; Ignore CARRY Buffers                                                       ; Off                ; Off                            ;
; Ignore CASCADE Buffers                                                     ; Off                ; Off                            ;
; Ignore GLOBAL Buffers                                                      ; Off                ; Off                            ;
; Ignore ROW GLOBAL Buffers                                                  ; Off                ; Off                            ;
; Ignore LCELL Buffers                                                       ; Off                ; Off                            ;
; Ignore SOFT Buffers                                                        ; On                 ; On                             ;
; Limit AHDL Integers to 32 Bits                                             ; Off                ; Off                            ;
; Optimization Technique                                                     ; Balanced           ; Balanced                       ;
; Carry Chain Length                                                         ; 70                 ; 70                             ;
; Auto Carry Chains                                                          ; On                 ; On                             ;
; Auto Open-Drain Pins                                                       ; On                 ; On                             ;
; Perform WYSIWYG Primitive Resynthesis                                      ; Off                ; Off                            ;
; Auto ROM Replacement                                                       ; On                 ; On                             ;
; Auto RAM Replacement                                                       ; On                 ; On                             ;
; Auto Shift Register Replacement                                            ; Auto               ; Auto                           ;
; Allow Shift Register Merging across Hierarchies                            ; Auto               ; Auto                           ;
; Auto Clock Enable Replacement                                              ; On                 ; On                             ;
; Strict RAM Replacement                                                     ; Off                ; Off                            ;
; Allow Synchronous Control Signals                                          ; On                 ; On                             ;
; Force Use of Synchronous Clear Signals                                     ; Off                ; Off                            ;
; Auto RAM to Logic Cell Conversion                                          ; Off                ; Off                            ;
; Auto Resource Sharing                                                      ; Off                ; Off                            ;
; Allow Any RAM Size For Recognition                                         ; Off                ; Off                            ;
; Allow Any ROM Size For Recognition                                         ; Off                ; Off                            ;
; Allow Any Shift Register Size For Recognition                              ; Off                ; Off                            ;
; Use LogicLock Constraints during Resource Balancing                        ; On                 ; On                             ;
; Ignore translate_off and synthesis_off directives                          ; Off                ; Off                            ;
; Timing-Driven Synthesis                                                    ; Off                ; Off                            ;
; Report Parameter Settings                                                  ; On                 ; On                             ;
; Report Source Assignments                                                  ; On                 ; On                             ;
; Report Connectivity Checks                                                 ; On                 ; On                             ;
; Ignore Maximum Fan-Out Assignments                                         ; Off                ; Off                            ;
; Synchronization Register Chain Length                                      ; 2                  ; 2                              ;
; PowerPlay Power Optimization                                               ; Normal compilation ; Normal compilation             ;
; HDL message level                                                          ; Level2             ; Level2                         ;
; Suppress Register Optimization Related Messages                            ; Off                ; Off                            ;
; Number of Removed Registers Reported in Synthesis Report                   ; 5000               ; 5000                           ;
; Number of Swept Nodes Reported in Synthesis Report                         ; 5000               ; 5000                           ;
; Number of Inverted Registers Reported in Synthesis Report                  ; 100                ; 100                            ;
; Clock MUX Protection                                                       ; On                 ; On                             ;
; Auto Gated Clock Conversion                                                ; Off                ; Off                            ;
; Block Design Naming                                                        ; Auto               ; Auto                           ;
; SDC constraint protection                                                  ; Off                ; Off                            ;
; Synthesis Effort                                                           ; Auto               ; Auto                           ;
; Shift Register Replacement - Allow Asynchronous Clear Signal               ; On                 ; On                             ;
; Pre-Mapping Resynthesis Optimization                                       ; Off                ; Off                            ;
; Analysis & Synthesis Message Level                                         ; Medium             ; Medium                         ;
; Disable Register Merging Across Hierarchies                                ; Auto               ; Auto                           ;
; Resource Aware Inference For Block RAM                                     ; On                 ; On                             ;
; Synthesis Seed                                                             ; 1                  ; 1                              ;
+----------------------------------------------------------------------------+--------------------+--------------------------------+


Parallel compilation was disabled, but you have multiple processors available. Enable parallel compilation to reduce compilation time.
+-------------------------------------+
; Parallel Compilation                ;
+----------------------------+--------+
; Processors                 ; Number ;
+----------------------------+--------+
; Number detected on machine ; 12     ;
; Maximum allowed            ; 1      ;
+----------------------------+--------+


+--------------------------------------------------------------------------------------------------------------------------------------------------------------------------------+
; Analysis & Synthesis Source Files Read                                                                                                                                         ;
+----------------------------------+-----------------+------------------------+----------------------------------------------------------------------------------------+---------+
; File Name with User-Entered Path ; Used in Netlist ; File Type              ; File Name with Absolute Path                                                           ; Library ;
+----------------------------------+-----------------+------------------------+----------------------------------------------------------------------------------------+---------+
; Clk_filter.v                     ; yes             ; User Verilog HDL File  ; /home/gustavog/Documentos/coretech - projeto/coretrecus/Clk_filter.v                   ;         ;
; semaforo_cruzamento_completo.v   ; yes             ; User Verilog HDL File  ; /home/gustavog/Documentos/coretech - projeto/coretrecus/semaforo_cruzamento_completo.v ;         ;
; top.v                            ; yes             ; User Verilog HDL File  ; /home/gustavog/Documentos/coretech - projeto/coretrecus/top.v                          ;         ;
+----------------------------------+-----------------+------------------------+----------------------------------------------------------------------------------------+---------+


+--------------------------------------------------------+
; Analysis & Synthesis Resource Usage Summary            ;
+---------------------------------------------+----------+
; Resource                                    ; Usage    ;
+---------------------------------------------+----------+
; Estimated Total logic elements              ; 42       ;
;                                             ;          ;
; Total combinational functions               ; 42       ;
; Logic element usage by number of LUT inputs ;          ;
;     -- 4 input functions                    ; 6        ;
;     -- 3 input functions                    ; 6        ;
;     -- <=2 input functions                  ; 30       ;
;                                             ;          ;
; Logic elements by mode                      ;          ;
;     -- normal mode                          ; 18       ;
;     -- arithmetic mode                      ; 24       ;
;                                             ;          ;
; Total registers                             ; 31       ;
;     -- Dedicated logic registers            ; 31       ;
;     -- I/O registers                        ; 0        ;
;                                             ;          ;
; I/O pins                                    ; 33       ;
; Embedded Multiplier 9-bit elements          ; 0        ;
; Maximum fan-out node                        ; CLOCK_50 ;
; Maximum fan-out                             ; 26       ;
; Total fan-out                               ; 177      ;
; Average fan-out                             ; 1.67     ;
+---------------------------------------------+----------+


+--------------------------------------------------------------------------------------------------------------------------------------------------------------------------------------------------------------------+
; Analysis & Synthesis Resource Utilization by Entity                                                                                                                                                                ;
+--------------------------------------------+-------------------+--------------+-------------+--------------+---------+-----------+------+--------------+--------------------------------------------+--------------+
; Compilation Hierarchy Node                 ; LC Combinationals ; LC Registers ; Memory Bits ; DSP Elements ; DSP 9x9 ; DSP 18x18 ; Pins ; Virtual Pins ; Full Hierarchy Name                        ; Library Name ;
+--------------------------------------------+-------------------+--------------+-------------+--------------+---------+-----------+------+--------------+--------------------------------------------+--------------+
; |top                                       ; 42 (0)            ; 31 (0)       ; 0           ; 0            ; 0       ; 0         ; 33   ; 0            ; |top                                       ; work         ;
;    |clk_filter:clock_filter|               ; 26 (26)           ; 26 (26)      ; 0           ; 0            ; 0       ; 0         ; 0    ; 0            ; |top|clk_filter:clock_filter               ; work         ;
;    |semaforo_cruzamento_completo:semaforo| ; 16 (16)           ; 5 (5)        ; 0           ; 0            ; 0       ; 0         ; 0    ; 0            ; |top|semaforo_cruzamento_completo:semaforo ; work         ;
+--------------------------------------------+-------------------+--------------+-------------+--------------+---------+-----------+------+--------------+--------------------------------------------+--------------+
Note: For table entries with two numbers listed, the numbers in parentheses indicate the number of resources of the given type used by the specific entity alone. The numbers listed outside of parentheses indicate the total resources of the given type used by the specific entity and all of its sub-entities in the hierarchy.


+---------------------------------------------------------------------------------------------+
; Registers Removed During Synthesis                                                          ;
+----------------------------------------------------+----------------------------------------+
; Register name                                      ; Reason for Removal                     ;
+----------------------------------------------------+----------------------------------------+
; semaforo_cruzamento_completo:semaforo|state_reg[2] ; Stuck at GND due to stuck port data_in ;
; semaforo_cruzamento_completo:semaforo|count[3]     ; Stuck at GND due to stuck port data_in ;
; Total Number of Removed Registers = 2              ;                                        ;
+----------------------------------------------------+----------------------------------------+


+------------------------------------------------------+
; General Register Statistics                          ;
+----------------------------------------------+-------+
; Statistic                                    ; Value ;
+----------------------------------------------+-------+
; Total registers                              ; 31    ;
; Number of registers using Synchronous Clear  ; 0     ;
; Number of registers using Synchronous Load   ; 0     ;
; Number of registers using Asynchronous Clear ; 5     ;
; Number of registers using Asynchronous Load  ; 0     ;
; Number of registers using Clock Enable       ; 0     ;
; Number of registers using Preset             ; 0     ;
+----------------------------------------------+-------+


+-------------------------------------------------------------------------------------------------------------------------------------------------------------------+
; Multiplexer Restructuring Statistics (Restructuring Performed)                                                                                                    ;
+--------------------+-----------+---------------+----------------------+------------------------+------------+-----------------------------------------------------+
; Multiplexer Inputs ; Bus Width ; Baseline Area ; Area if Restructured ; Saving if Restructured ; Registered ; Example Multiplexer Output                          ;
+--------------------+-----------+---------------+----------------------+------------------------+------------+-----------------------------------------------------+
; 4:1                ; 4 bits    ; 8 LEs         ; 8 LEs                ; 0 LEs                  ; Yes        ; |top|semaforo_cruzamento_completo:semaforo|count[3] ;
+--------------------+-----------+---------------+----------------------+------------------------+------------+-----------------------------------------------------+


+------------------------------------------------------------------------------------+
; Parameter Settings for User Entity Instance: semaforo_cruzamento_completo:semaforo ;
+----------------+-------+-----------------------------------------------------------+
; Parameter Name ; Value ; Type                                                      ;
+----------------+-------+-----------------------------------------------------------+
; A_VERDE        ; 000   ; Unsigned Binary                                           ;
; A_AMARELO      ; 001   ; Unsigned Binary                                           ;
; B_VERDE        ; 010   ; Unsigned Binary                                           ;
; B_AMARELO      ; 011   ; Unsigned Binary                                           ;
+----------------+-------+-----------------------------------------------------------+
Note: In order to hide this table in the UI and the text report file, please set the "Show Parameter Settings in Synthesis Report" option in "Analysis and Synthesis Settings -> More Settings" to "Off".


+-----------------------------------------------------------------------------------------------------------------------------------------------------------------------------------------------------+
; Port Connectivity Checks: "semaforo_cruzamento_completo:semaforo"                                                                                                                                   ;
+---------+--------+----------+-----------------------------------------------------------------------------------------------------------------------------------------------------------------------+
; Port    ; Type   ; Severity ; Details                                                                                                                                                               ;
+---------+--------+----------+-----------------------------------------------------------------------------------------------------------------------------------------------------------------------+
; light_B ; Output ; Warning  ; Output or bidir port (3 bits) is smaller than the port expression (4 bits) it drives.  The 1 most-significant bit(s) in the port expression will be connected to GND. ;
+---------+--------+----------+-----------------------------------------------------------------------------------------------------------------------------------------------------------------------+


+-----------------------------------------------------------------------------------------------------------------------------------------+
; Port Connectivity Checks: "clk_filter:clock_filter"                                                                                     ;
+----------+--------+----------+----------------------------------------------------------------------------------------------------------+
; Port     ; Type   ; Severity ; Details                                                                                                  ;
+----------+--------+----------+----------------------------------------------------------------------------------------------------------+
; clk_out2 ; Output ; Warning  ; Declared by entity but not connected by instance. Logic that only feeds a dangling port will be removed. ;
+----------+--------+----------+----------------------------------------------------------------------------------------------------------+


+-------------------------------+
; Elapsed Time Per Partition    ;
+----------------+--------------+
; Partition Name ; Elapsed Time ;
+----------------+--------------+
; Top            ; 00:00:00     ;
+----------------+--------------+


+-------------------------------+
; Analysis & Synthesis Messages ;
+-------------------------------+
Info: *******************************************************************
Info: Running Quartus II 32-bit Analysis & Synthesis
    Info: Version 13.0.1 Build 232 06/12/2013 Service Pack 1 SJ Web Edition
    Info: Processing started: Wed Feb 11 18:49:55 2026
Info: Command: quartus_map --read_settings_files=on --write_settings_files=off ContorladorusFPGArusCoretrecus -c ContorladorusFPGArusCoretrecus
Warning (20028): Parallel compilation is not licensed and has been disabled
Info (12021): Found 1 design units, including 1 entities, in source file Clk_filter.v
    Info (12023): Found entity 1: clk_filter
Warning (10229): Verilog HDL Expression warning at semaforo_cruzamento_completo.v(23): truncated literal to match 4 bits
Info (12021): Found 1 design units, including 1 entities, in source file semaforo_cruzamento_completo.v
    Info (12023): Found entity 1: semaforo_cruzamento_completo
Info (12021): Found 1 design units, including 1 entities, in source file top.v
    Info (12023): Found entity 1: top
Info (12127): Elaborating entity "top" for the top level hierarchy
Info (12128): Elaborating entity "clk_filter" for hierarchy "clk_filter:clock_filter"
Warning (10230): Verilog HDL assignment warning at Clk_filter.v(8): truncated value with size 32 to match size of target (26)
Info (12128): Elaborating entity "semaforo_cruzamento_completo" for hierarchy "semaforo_cruzamento_completo:semaforo"
Warning (10230): Verilog HDL assignment warning at semaforo_cruzamento_completo.v(33): truncated value with size 32 to match size of target (4)
Warning (10270): Verilog HDL Case Statement warning at semaforo_cruzamento_completo.v(62): incomplete case statement has no default case item
Warning (12241): 2 hierarchies have connectivity warnings - see the Connectivity Checks report folder
Warning (13034): The following nodes have both tri-state and non-tri-state drivers
    Warning (13035): Inserted always-enabled tri-state buffer between "GPIO_0[8]" and its non-tri-state driver.
    Warning (13035): Inserted always-enabled tri-state buffer between "GPIO_0[9]" and its non-tri-state driver.
    Warning (13035): Inserted always-enabled tri-state buffer between "GPIO_0[10]" and its non-tri-state driver.
    Warning (13035): Inserted always-enabled tri-state buffer between "GPIO_0[12]" and its non-tri-state driver.
    Warning (13035): Inserted always-enabled tri-state buffer between "GPIO_0[13]" and its non-tri-state driver.
    Warning (13035): Inserted always-enabled tri-state buffer between "GPIO_0[18]" and its non-tri-state driver.
    Warning (13035): Inserted always-enabled tri-state buffer between "GPIO_0[19]" and its non-tri-state driver.
    Warning (13035): Inserted always-enabled tri-state buffer between "GPIO_0[20]" and its non-tri-state driver.
    Warning (13035): Inserted always-enabled tri-state buffer between "GPIO_0[23]" and its non-tri-state driver.
    Warning (13035): Inserted always-enabled tri-state buffer between "GPIO_0[24]" and its non-tri-state driver.
Warning (13039): The following bidir pins have no drivers
    Warning (13040): Bidir "GPIO_0[0]" has no driver
    Warning (13040): Bidir "GPIO_0[1]" has no driver
    Warning (13040): Bidir "GPIO_0[2]" has no driver
    Warning (13040): Bidir "GPIO_0[21]" has no driver
    Warning (13040): Bidir "GPIO_0[3]" has no driver
    Warning (13040): Bidir "GPIO_0[4]" has no driver
    Warning (13040): Bidir "GPIO_0[5]" has no driver
    Warning (13040): Bidir "GPIO_0[6]" has no driver
    Warning (13040): Bidir "GPIO_0[7]" has no driver
    Warning (13040): Bidir "GPIO_0[11]" has no driver
    Warning (13040): Bidir "GPIO_0[14]" has no driver
    Warning (13040): Bidir "GPIO_0[15]" has no driver
    Warning (13040): Bidir "GPIO_0[16]" has no driver
    Warning (13040): Bidir "GPIO_0[17]" has no driver
    Warning (13040): Bidir "GPIO_0[22]" has no driver
    Warning (13040): Bidir "GPIO_0[25]" has no driver
    Warning (13040): Bidir "GPIO_0[26]" has no driver
    Warning (13040): Bidir "GPIO_0[27]" has no driver
    Warning (13040): Bidir "GPIO_0[28]" has no driver
    Warning (13040): Bidir "GPIO_0[29]" has no driver
    Warning (13040): Bidir "GPIO_0[30]" has no driver
    Warning (13040): Bidir "GPIO_0[31]" has no driver
Warning (13009): TRI or OPNDRN buffers permanently enabled
    Warning (13010): Node "GPIO_0[8]~synth"
    Warning (13010): Node "GPIO_0[9]~synth"
    Warning (13010): Node "GPIO_0[10]~synth"
    Warning (13010): Node "GPIO_0[12]~synth"
    Warning (13010): Node "GPIO_0[13]~synth"
    Warning (13010): Node "GPIO_0[18]~synth"
    Warning (13010): Node "GPIO_0[19]~synth"
    Warning (13010): Node "GPIO_0[20]~synth"
    Warning (13010): Node "GPIO_0[23]~synth"
    Warning (13010): Node "GPIO_0[24]~synth"
Info (16010): Generating hard_block partition "hard_block:auto_generated_inst"
    Info (16011): Adding 0 node(s), including 0 DDIO, 0 PLL, 0 transceiver and 0 LCELL
Info (21057): Implemented 75 device resources after synthesis - the final resource count might be different
    Info (21058): Implemented 1 input pins
    Info (21059): Implemented 0 output pins
    Info (21060): Implemented 32 bidirectional pins
    Info (21061): Implemented 42 logic cells
Info: Quartus II 32-bit Analysis & Synthesis was successful. 0 errors, 51 warnings
    Info: Peak virtual memory: 342 megabytes
    Info: Processing ended: Wed Feb 11 18:49:56 2026
    Info: Elapsed time: 00:00:01
    Info: Total CPU time (on all processors): 00:00:02


